[0.020s] Invoking command in '/home/orhan/ros2_ws/build/more_interfaces': CMAKE_PREFIX_PATH=${CMAKE_PREFIX_PATH}:/home/orhan/ros2_ws/install/tti_deneme:/home/orhan/ros2_ws/install/py_srvcli:/home/orhan/ros2_ws/install/iki:/home/orhan/ros2_ws/install/first_package:/home/orhan/ros2_ws/install/examples_rclpy_minimal_subscriber:/home/orhan/ros2_ws/install/examples_rclpy_minimal_service:/home/orhan/ros2_ws/install/examples_rclpy_minimal_publisher:/home/orhan/ros2_ws/install/examples_rclpy_minimal_client:/home/orhan/ros2_ws/install/examples_rclpy_minimal_action_server:/home/orhan/ros2_ws/install/examples_rclpy_minimal_action_client:/home/orhan/ros2_ws/install/examples_rclpy_executors:/home/orhan/ros2_ws/install/cift_sayi:/opt/ros/foxy /usr/bin/cmake --build /home/orhan/ros2_ws/build/more_interfaces -- -j4 -l4
[0.061s] -- Found ament_cmake: 0.9.12 (/opt/ros/foxy/share/ament_cmake/cmake)
[0.103s] -- Found PythonInterp: /usr/bin/python3 (found suitable version "3.8.10", minimum required is "3") 
[0.104s] -- Using PYTHON_EXECUTABLE: /usr/bin/python3
[0.400s] -- Found rosidl_default_generators: 1.0.1 (/opt/ros/foxy/share/rosidl_default_generators/cmake)
[0.408s] -- Using all available rosidl_typesupport_c: rosidl_typesupport_fastrtps_c;rosidl_typesupport_introspection_c
[0.412s] -- Found rosidl_adapter: 1.3.1 (/opt/ros/foxy/share/rosidl_adapter/cmake)
[0.604s] -- Using all available rosidl_typesupport_cpp: rosidl_typesupport_fastrtps_cpp;rosidl_typesupport_introspection_cpp
[0.636s] -- Found rclcpp: 2.4.3 (/opt/ros/foxy/share/rclcpp/cmake)
[0.705s] -- Found rmw_implementation_cmake: 1.0.4 (/opt/ros/foxy/share/rmw_implementation_cmake/cmake)
[0.709s] -- Using RMW implementation 'rmw_fastrtps_cpp' as default
[0.962s] -- Found PythonInterp: /usr/bin/python3 (found version "3.8.10") 
[1.151s] -- Found ament_cmake_ros: 0.9.2 (/opt/ros/foxy/share/ament_cmake_ros/cmake)
[1.289s] -- Using all available rosidl_typesupport_c: rosidl_typesupport_fastrtps_c;rosidl_typesupport_introspection_c
[1.301s] -- Using all available rosidl_typesupport_cpp: rosidl_typesupport_fastrtps_cpp;rosidl_typesupport_introspection_cpp
[1.355s] -- Found PythonInterp: /usr/bin/python3 (found suitable version "3.8.10", minimum required is "3.5") 
[1.355s] -- Found python_cmake_module: 0.8.1 (/opt/ros/foxy/share/python_cmake_module/cmake)
[1.404s] -- Using PYTHON_EXECUTABLE: /usr/bin/python3
[1.404s] -- Using PYTHON_INCLUDE_DIRS: /usr/include/python3.8
[1.404s] -- Using PYTHON_LIBRARIES: /usr/lib/x86_64-linux-gnu/libpython3.8.so
[1.437s] -- Found ament_lint_auto: 0.9.8 (/opt/ros/foxy/share/ament_lint_auto/cmake)
[1.451s] -- Added test 'copyright' to check source files copyright and LICENSE
[1.452s] -- Added test 'cppcheck' to perform static code analysis on C / C++ code
[1.453s] -- Configured cppcheck include dirs: 
[1.453s] -- Configured cppcheck exclude dirs and/or files: 
[1.454s] -- Added test 'cpplint' to check C / C++ code against the Google style
[1.454s] -- Configured cpplint exclude dirs and/or files: 
[1.455s] -- Added test 'lint_cmake' to check CMake code style
[1.456s] -- Added test 'uncrustify' to check C / C++ code style
[1.456s] -- Configured uncrustify additional arguments: 
[1.457s] -- Added test 'xmllint' to check XML markup files
[1.462s] -- Configuring done
[1.505s] -- Generating done
[1.522s] -- Build files have been written to: /home/orhan/ros2_ws/build/more_interfaces
[1.583s] [  3%] Built target more_interfaces__cpp
[1.584s] [ 12%] Built target more_interfaces__rosidl_generator_c
[1.585s] [ 15%] [32mBuilding CXX object CMakeFiles/publish_address_book.dir/src/publish_address_book.cpp.o[0m
[1.628s] [ 24%] Built target more_interfaces__rosidl_typesupport_introspection_cpp
[1.629s] [ 33%] Built target more_interfaces__rosidl_typesupport_cpp
[1.637s] [ 42%] Built target more_interfaces__rosidl_typesupport_fastrtps_cpp
[1.672s] [ 51%] Built target more_interfaces__rosidl_typesupport_introspection_c
[1.677s] [ 60%] Built target more_interfaces__rosidl_typesupport_c
[1.688s] [ 69%] Built target more_interfaces__rosidl_typesupport_fastrtps_c
[1.715s] [ 69%] Built target more_interfaces
[1.744s] [ 72%] Built target more_interfaces__py
[1.775s] [01m[K/home/orhan/ros2_ws/src/more_interfaces/src/publish_address_book.cpp:5:10:[m[K [01;31m[Kfatal error: [m[Kmore_interfaces/msg/address_book.hpp: No such file or directory
[1.775s]     5 | #include [01;31m[K"more_interfaces/msg/address_book.hpp"[m[K
[1.775s]       |          [01;31m[K^~~~~~~~~~~~~~~~~~~~~~~~~~~~~~~~~~~~~~[m[K
[1.776s] compilation terminated.
[1.781s] make[2]: *** [CMakeFiles/publish_address_book.dir/build.make:63: CMakeFiles/publish_address_book.dir/src/publish_address_book.cpp.o] Error 1
[1.781s] [ 78%] Built target more_interfaces__python
[1.781s] make[1]: *** [CMakeFiles/Makefile2:364: CMakeFiles/publish_address_book.dir/all] Error 2
[1.781s] make[1]: *** Waiting for unfinished jobs....
[1.782s] make: *** [Makefile:141: all] Error 2
[1.785s] Invoked command in '/home/orhan/ros2_ws/build/more_interfaces' returned '2': CMAKE_PREFIX_PATH=${CMAKE_PREFIX_PATH}:/home/orhan/ros2_ws/install/tti_deneme:/home/orhan/ros2_ws/install/py_srvcli:/home/orhan/ros2_ws/install/iki:/home/orhan/ros2_ws/install/first_package:/home/orhan/ros2_ws/install/examples_rclpy_minimal_subscriber:/home/orhan/ros2_ws/install/examples_rclpy_minimal_service:/home/orhan/ros2_ws/install/examples_rclpy_minimal_publisher:/home/orhan/ros2_ws/install/examples_rclpy_minimal_client:/home/orhan/ros2_ws/install/examples_rclpy_minimal_action_server:/home/orhan/ros2_ws/install/examples_rclpy_minimal_action_client:/home/orhan/ros2_ws/install/examples_rclpy_executors:/home/orhan/ros2_ws/install/cift_sayi:/opt/ros/foxy /usr/bin/cmake --build /home/orhan/ros2_ws/build/more_interfaces -- -j4 -l4
