[0.017s] Invoking command in '/home/orhan/ros2_ws/build/tti': /usr/bin/cmake /home/orhan/ros2_ws/src/tti -DCMAKE_INSTALL_PREFIX=/home/orhan/ros2_ws/install/tti
[0.040s] -- Found ament_cmake: 0.9.12 (/opt/ros/foxy/share/ament_cmake/cmake)
[0.085s] -- Using PYTHON_EXECUTABLE: /usr/bin/python3
[0.373s] -- Found ament_lint_auto: 0.9.8 (/opt/ros/foxy/share/ament_lint_auto/cmake)
[0.454s] Error parsing '/home/orhan/ros2_ws/src/tti/package.xml':
[0.619s] Traceback (most recent call last):
[0.619s]   File "/usr/lib/python3/dist-packages/catkin_pkg/package.py", line 610, in parse_package_string
[0.619s]     root = dom.parseString(data)
[0.619s]   File "/usr/lib/python3.8/xml/dom/minidom.py", line 1969, in parseString
[0.619s]     return expatbuilder.parseString(string)
[0.619s]   File "/usr/lib/python3.8/xml/dom/expatbuilder.py", line 925, in parseString
[0.620s]     return builder.parseString(string)
[0.620s]   File "/usr/lib/python3.8/xml/dom/expatbuilder.py", line 223, in parseString
[0.620s]     parser.Parse(string, True)
[0.620s] xml.parsers.expat.ExpatError: junk after document element: line 19, column 0
[0.620s] 
[0.620s] During handling of the above exception, another exception occurred:
[0.620s] 
[0.620s] Traceback (most recent call last):
[0.620s]   File "/opt/ros/foxy/share/ament_cmake_core/cmake/core/package_xml_2_cmake.py", line 143, in <module>
[0.620s]     main()
[0.621s]   File "/opt/ros/foxy/share/ament_cmake_core/cmake/core/package_xml_2_cmake.py", line 52, in main
[0.621s]     raise e
[0.621s]   File "/opt/ros/foxy/share/ament_cmake_core/cmake/core/package_xml_2_cmake.py", line 48, in main
[0.621s]     package = parse_package_string(
[0.621s]   File "/usr/lib/python3/dist-packages/catkin_pkg/package.py", line 612, in parse_package_string
[0.621s]     raise InvalidPackage('The manifest contains invalid XML:\n%s' % ex, filename)
[0.621s] catkin_pkg.package.InvalidPackage: Error(s) in package '/home/orhan/ros2_ws/src/tti/package.xml':
[0.621s] The manifest contains invalid XML:
[0.621s] junk after document element: line 19, column 0
[0.651s] CMake Error at /opt/ros/foxy/share/ament_cmake_core/cmake/core/ament_package_xml.cmake:94 (message):
[0.652s]   execute_process(/usr/bin/python3
[0.652s]   /opt/ros/foxy/share/ament_cmake_core/cmake/core/package_xml_2_cmake.py
[0.652s]   /home/orhan/ros2_ws/src/tti/package.xml
[0.652s]   /home/orhan/ros2_ws/build/tti/ament_cmake_core/package.cmake) returned
[0.652s]   error code 1
[0.652s] Call Stack (most recent call first):
[0.652s]   /opt/ros/foxy/share/ament_cmake_core/cmake/core/ament_package_xml.cmake:49 (_ament_package_xml)
[0.653s]   /opt/ros/foxy/share/ament_lint_auto/cmake/ament_lint_auto_find_test_dependencies.cmake:31 (ament_package_xml)
[0.653s]   CMakeLists.txt:32 (ament_lint_auto_find_test_dependencies)
[0.653s] 
[0.653s] 
[0.653s] -- Configuring incomplete, errors occurred!
[0.653s] See also "/home/orhan/ros2_ws/build/tti/CMakeFiles/CMakeOutput.log".
[0.656s] Invoked command in '/home/orhan/ros2_ws/build/tti' returned '1': /usr/bin/cmake /home/orhan/ros2_ws/src/tti -DCMAKE_INSTALL_PREFIX=/home/orhan/ros2_ws/install/tti
